<?xml version="1.0" encoding="UTF-8"?>
<testng-results skipped="0" failed="0" ignored="0" total="1" passed="1">
  <reporter-output>
  </reporter-output>
  <suite name="Default suite" duration-ms="14065" started-at="2021-03-19T13:47:29 CDT" finished-at="2021-03-19T13:47:43 CDT">
    <groups>
    </groups>
    <test name="Default test" duration-ms="14065" started-at="2021-03-19T13:47:29 CDT" finished-at="2021-03-19T13:47:43 CDT">
      <class name="testNG.HomeworkSession5$TestNgLogin">
        <test-method status="PASS" signature="startBrowser()[pri:0, instance:testNG.HomeworkSession5$TestNgLogin@1442d7b5]" name="startBrowser" is-config="true" duration-ms="4321" started-at="2021-03-19T13:47:29 CDT" finished-at="2021-03-19T13:47:33 CDT">
          <reporter-output>
          </reporter-output>
        </test-method> <!-- startBrowser -->
        <test-method status="PASS" signature="validUsersShouldBeAbleToLogIN()[pri:1, instance:testNG.HomeworkSession5$TestNgLogin@1442d7b5]" name="validUsersShouldBeAbleToLogIN" duration-ms="9683" started-at="2021-03-19T13:47:33 CDT" finished-at="2021-03-19T13:47:43 CDT">
          <reporter-output>
          </reporter-output>
        </test-method> <!-- validUsersShouldBeAbleToLogIN -->
      </class> <!-- testNG.HomeworkSession5$TestNgLogin -->
    </test> <!-- Default test -->
  </suite> <!-- Default suite -->
</testng-results>
