<?xml version="1.0" encoding="UTF-8"?>
<testng-results skipped="0" failed="0" ignored="0" total="2" passed="2">
  <reporter-output>
  </reporter-output>
  <suite name="Default suite" duration-ms="14031" started-at="2021-03-19T12:11:53 CDT" finished-at="2021-03-19T12:12:07 CDT">
    <groups>
    </groups>
    <test name="Default test" duration-ms="14031" started-at="2021-03-19T12:11:53 CDT" finished-at="2021-03-19T12:12:07 CDT">
      <class name="testNG.TestNgLogin">
        <test-method status="PASS" signature="startBrowser()[pri:0, instance:testNG.TestNgLogin@1442d7b5]" name="startBrowser" is-config="true" duration-ms="5077" started-at="2021-03-19T12:11:53 CDT" finished-at="2021-03-19T12:11:58 CDT">
          <reporter-output>
          </reporter-output>
        </test-method> <!-- startBrowser -->
        <test-method status="PASS" signature="invalidUsersShouldNotBeAbleToLogIN()[pri:1, instance:testNG.TestNgLogin@1442d7b5]" name="invalidUsersShouldNotBeAbleToLogIN" duration-ms="1470" started-at="2021-03-19T12:11:58 CDT" finished-at="2021-03-19T12:11:59 CDT">
          <reporter-output>
          </reporter-output>
        </test-method> <!-- invalidUsersShouldNotBeAbleToLogIN -->
        <test-method status="PASS" signature="close()[pri:0, instance:testNG.TestNgLogin@1442d7b5]" name="close" is-config="true" duration-ms="826" started-at="2021-03-19T12:11:59 CDT" finished-at="2021-03-19T12:12:00 CDT">
          <reporter-output>
          </reporter-output>
        </test-method> <!-- close -->
        <test-method status="PASS" signature="startBrowser()[pri:0, instance:testNG.TestNgLogin@1442d7b5]" name="startBrowser" is-config="true" duration-ms="3069" started-at="2021-03-19T12:12:00 CDT" finished-at="2021-03-19T12:12:03 CDT">
          <reporter-output>
          </reporter-output>
        </test-method> <!-- startBrowser -->
        <test-method status="PASS" signature="validUsersShouldBeAbleToLogIN()[pri:2, instance:testNG.TestNgLogin@1442d7b5]" name="validUsersShouldBeAbleToLogIN" duration-ms="2580" started-at="2021-03-19T12:12:03 CDT" finished-at="2021-03-19T12:12:06 CDT">
          <reporter-output>
          </reporter-output>
        </test-method> <!-- validUsersShouldBeAbleToLogIN -->
        <test-method status="PASS" signature="close()[pri:0, instance:testNG.TestNgLogin@1442d7b5]" name="close" is-config="true" duration-ms="948" started-at="2021-03-19T12:12:06 CDT" finished-at="2021-03-19T12:12:07 CDT">
          <reporter-output>
          </reporter-output>
        </test-method> <!-- close -->
      </class> <!-- testNG.TestNgLogin -->
    </test> <!-- Default test -->
  </suite> <!-- Default suite -->
</testng-results>
